2023-04-03 04:22:24 Unauthorized access attempt by user with role level 7 to URL /php/admin/accounts/admin_account.php
2023-04-17 12:02:06 Unauthorized access attempt by user with role level 1 to URL /php/admin/generatereports/generatereports.php
2023-04-17 12:02:09 Unauthorized access attempt by user with role level 1 to URL /php/admin/generatereports/generatereports.php
2023-04-17 12:22:15 Unauthorized access attempt by user with role level 5 to URL /php/cad/cadcalendarofactivities.php
2023-04-17 12:22:30 Unauthorized access attempt by user with role level 5 to URL /php/cad/cadcalendarofactivities.php
2023-04-17 12:26:35 Unauthorized access attempt by user with role level 5 to URL /php/admin/reservations/admincalendar.php
2023-04-17 14:35:14 Unauthorized access attempt by user with role level 4 to URL /php/admin/jobrequest/minor/minorjobreqlist.php
2023-04-17 14:35:24 Unauthorized access attempt by user with role level 4 to URL /php/admin/jobrequest/minor/minorjobreqlist.php
2023-04-17 14:48:33 Unauthorized access attempt by user with role level 4 to URL /php/admin/jobrequest/minor/minorjobreqlist.php
2023-04-17 14:48:54 Unauthorized access attempt by user with role level 4 to URL /php/buildingdept/minor/minorjobreqlist.php
2023-04-17 16:52:13 Unauthorized access attempt by user with role level 2 to URL /php/user/reservation/userreservation.php
2023-04-18 16:20:56 Unauthorized access attempt by user with role level 4 to URL /php/admin/jobrequest/minor/minorjobreqlist.php
2023-04-18 16:21:07 Unauthorized access attempt by user with role level 4 to URL /php/pco/pcocalendar.php
2023-04-18 16:21:25 Unauthorized access attempt by user with role level 4 to URL /php/pco/pcocalendar.php
2023-04-18 16:21:34 Unauthorized access attempt by user with role level 4 to URL /php/admin/jobrequest/minor/minorjobreqlist.php
2023-04-20 18:52:19 Unauthorized access attempt by user with role level 2 to URL /php/user/minor/minorjobreqlist.php
2023-04-22 18:40:37 Unauthorized access attempt by user with role level 7 to URL /php/user/reservation/userreservation.php
2023-04-24 08:48:42 Unauthorized access attempt by user with role level 2 to URL /php/admin/jobrequest/minor/minorjobreqlist.php
2023-04-24 08:48:44 Unauthorized access attempt by user with role level 2 to URL /php/admin/jobrequest/major/majorjobreqlist.php
2023-04-24 08:48:45 Unauthorized access attempt by user with role level 2 to URL /php/admin/reservations/admincalendar.php
2023-04-24 10:58:02 Unauthorized access attempt by user with role level 1 to URL /php/facilitiesdept/equipments/departmentheadeq.php
2023-04-24 10:58:04 Unauthorized access attempt by user with role level 1 to URL /php/facilitiesdept/reservations/facilitiescalendar.php
2023-04-25 00:25:12 Unauthorized access attempt by user with role level 1 to URL /php/buildingdept/generatereports/generatereports.php
2023-04-25 20:31:58 Unauthorized access attempt by user with role level 2 to URL /php/user/major/majorjobreqlist.php
2023-04-28 18:00:50 Unauthorized access attempt by user with role level 5 to URL /php/user/reservation/userreservation.php
2023-04-28 18:00:57 Unauthorized access attempt by user with role level 5 to URL /php/user/reservation/userreservation.php
2023-04-28 18:01:25 Unauthorized access attempt by user with role level 5 to URL /php/user/reservation/userreservation.php
2023-04-28 18:01:58 Unauthorized access attempt by user with role level 5 to URL /php/user/reservation/userreservation.php
2023-05-04 18:29:38 Unauthorized access attempt by user with role level 4 to URL /php/admin/accounts/admin_account.php
2023-05-07 18:02:45 Unauthorized access attempt by user with role level 4 to URL /php/admin/jobrequest/minor/minorjobreqlist.php
